<?xml version="1.0" encoding="UTF-8" ?>
<testsuites name="vitest tests" tests="15" failures="15" errors="0" time="0.334">
    <testsuite name="src/index.unit.test.ts" timestamp="2025-08-06T06:48:19.907Z" hostname="IBRAHIM-sin-MacBook-Pro-3.local" tests="15" failures="15" errors="0" skipped="0" time="0.187509125">
        <testcase classname="src/index.unit.test.ts" name="Main CLI Entry Point &gt; Banner Display &gt; should display banner by default" time="0.156390666">
            <failure message="process.on is not a function" type="TypeError">
TypeError: process.on is not a function
 ❯ src/index.ts:132:9
 ❯ src/index.unit.test.ts:72:4
            </failure>
            <failure message="process.on is not a function" type="TypeError">
TypeError: process.on is not a function
 ❯ src/index.ts:132:9
 ❯ src/index.unit.test.ts:72:4
            </failure>
            <failure message="process.on is not a function" type="TypeError">
TypeError: process.on is not a function
 ❯ src/index.ts:132:9
 ❯ src/index.unit.test.ts:72:4
            </failure>
        </testcase>
        <testcase classname="src/index.unit.test.ts" name="Main CLI Entry Point &gt; Banner Display &gt; should skip banner when XAHEEN_NO_BANNER is set" time="0.008892125">
            <failure message="The &quot;paths[0]&quot; argument must be of type string. Received undefined" type="TypeError">
TypeError: The &quot;paths[0]&quot; argument must be of type string. Received undefined
 ❯ new TemplateOrchestrator src/services/templates/template-orchestrator.ts:124:31
 ❯ src/services/templates/template-orchestrator.ts:1195:37
 ❯ src/services/templates/index.ts:17:31

⎯⎯⎯⎯⎯⎯⎯⎯⎯⎯⎯⎯⎯⎯⎯⎯⎯⎯⎯⎯⎯⎯⎯⎯⎯⎯⎯⎯⎯⎯
Serialized Error: { code: &apos;ERR_INVALID_ARG_TYPE&apos; }
            </failure>
            <failure message="The &quot;paths[0]&quot; argument must be of type string. Received undefined" type="TypeError">
TypeError: The &quot;paths[0]&quot; argument must be of type string. Received undefined
 ❯ new TemplateOrchestrator src/services/templates/template-orchestrator.ts:124:31
 ❯ src/services/templates/template-orchestrator.ts:1195:37
 ❯ src/services/templates/index.ts:17:31

⎯⎯⎯⎯⎯⎯⎯⎯⎯⎯⎯⎯⎯⎯⎯⎯⎯⎯⎯⎯⎯⎯⎯⎯⎯⎯⎯⎯⎯⎯
Serialized Error: { code: &apos;ERR_INVALID_ARG_TYPE&apos; }
            </failure>
            <failure message="The &quot;paths[0]&quot; argument must be of type string. Received undefined" type="TypeError">
TypeError: The &quot;paths[0]&quot; argument must be of type string. Received undefined
 ❯ new TemplateOrchestrator src/services/templates/template-orchestrator.ts:124:31
 ❯ src/services/templates/template-orchestrator.ts:1195:37
 ❯ src/services/templates/index.ts:17:31

⎯⎯⎯⎯⎯⎯⎯⎯⎯⎯⎯⎯⎯⎯⎯⎯⎯⎯⎯⎯⎯⎯⎯⎯⎯⎯⎯⎯⎯⎯
Serialized Error: { code: &apos;ERR_INVALID_ARG_TYPE&apos; }
            </failure>
        </testcase>
        <testcase classname="src/index.unit.test.ts" name="Main CLI Entry Point &gt; Initialization &gt; should initialize core systems in correct order" time="0.00084625">
            <failure message="The &quot;paths[0]&quot; argument must be of type string. Received undefined" type="TypeError">
TypeError: The &quot;paths[0]&quot; argument must be of type string. Received undefined
 ❯ new TemplateOrchestrator src/services/templates/template-orchestrator.ts:124:31
 ❯ src/services/templates/template-orchestrator.ts:1195:37
 ❯ src/services/templates/index.ts:17:31

⎯⎯⎯⎯⎯⎯⎯⎯⎯⎯⎯⎯⎯⎯⎯⎯⎯⎯⎯⎯⎯⎯⎯⎯⎯⎯⎯⎯⎯⎯
Serialized Error: { code: &apos;ERR_INVALID_ARG_TYPE&apos; }
            </failure>
            <failure message="The &quot;paths[0]&quot; argument must be of type string. Received undefined" type="TypeError">
TypeError: The &quot;paths[0]&quot; argument must be of type string. Received undefined
 ❯ new TemplateOrchestrator src/services/templates/template-orchestrator.ts:124:31
 ❯ src/services/templates/template-orchestrator.ts:1195:37
 ❯ src/services/templates/index.ts:17:31

⎯⎯⎯⎯⎯⎯⎯⎯⎯⎯⎯⎯⎯⎯⎯⎯⎯⎯⎯⎯⎯⎯⎯⎯⎯⎯⎯⎯⎯⎯
Serialized Error: { code: &apos;ERR_INVALID_ARG_TYPE&apos; }
            </failure>
            <failure message="The &quot;paths[0]&quot; argument must be of type string. Received undefined" type="TypeError">
TypeError: The &quot;paths[0]&quot; argument must be of type string. Received undefined
 ❯ new TemplateOrchestrator src/services/templates/template-orchestrator.ts:124:31
 ❯ src/services/templates/template-orchestrator.ts:1195:37
 ❯ src/services/templates/index.ts:17:31

⎯⎯⎯⎯⎯⎯⎯⎯⎯⎯⎯⎯⎯⎯⎯⎯⎯⎯⎯⎯⎯⎯⎯⎯⎯⎯⎯⎯⎯⎯
Serialized Error: { code: &apos;ERR_INVALID_ARG_TYPE&apos; }
            </failure>
        </testcase>
        <testcase classname="src/index.unit.test.ts" name="Main CLI Entry Point &gt; Initialization &gt; should detect stack correctly" time="0.000461584">
            <failure message="The &quot;paths[0]&quot; argument must be of type string. Received undefined" type="TypeError">
TypeError: The &quot;paths[0]&quot; argument must be of type string. Received undefined
 ❯ new TemplateOrchestrator src/services/templates/template-orchestrator.ts:124:31
 ❯ src/services/templates/template-orchestrator.ts:1195:37
 ❯ src/services/templates/index.ts:17:31

⎯⎯⎯⎯⎯⎯⎯⎯⎯⎯⎯⎯⎯⎯⎯⎯⎯⎯⎯⎯⎯⎯⎯⎯⎯⎯⎯⎯⎯⎯
Serialized Error: { code: &apos;ERR_INVALID_ARG_TYPE&apos; }
            </failure>
            <failure message="The &quot;paths[0]&quot; argument must be of type string. Received undefined" type="TypeError">
TypeError: The &quot;paths[0]&quot; argument must be of type string. Received undefined
 ❯ new TemplateOrchestrator src/services/templates/template-orchestrator.ts:124:31
 ❯ src/services/templates/template-orchestrator.ts:1195:37
 ❯ src/services/templates/index.ts:17:31

⎯⎯⎯⎯⎯⎯⎯⎯⎯⎯⎯⎯⎯⎯⎯⎯⎯⎯⎯⎯⎯⎯⎯⎯⎯⎯⎯⎯⎯⎯
Serialized Error: { code: &apos;ERR_INVALID_ARG_TYPE&apos; }
            </failure>
            <failure message="The &quot;paths[0]&quot; argument must be of type string. Received undefined" type="TypeError">
TypeError: The &quot;paths[0]&quot; argument must be of type string. Received undefined
 ❯ new TemplateOrchestrator src/services/templates/template-orchestrator.ts:124:31
 ❯ src/services/templates/template-orchestrator.ts:1195:37
 ❯ src/services/templates/index.ts:17:31

⎯⎯⎯⎯⎯⎯⎯⎯⎯⎯⎯⎯⎯⎯⎯⎯⎯⎯⎯⎯⎯⎯⎯⎯⎯⎯⎯⎯⎯⎯
Serialized Error: { code: &apos;ERR_INVALID_ARG_TYPE&apos; }
            </failure>
        </testcase>
        <testcase classname="src/index.unit.test.ts" name="Main CLI Entry Point &gt; Initialization &gt; should set up global CLI context" time="0.000331292">
            <failure message="The &quot;paths[0]&quot; argument must be of type string. Received undefined" type="TypeError">
TypeError: The &quot;paths[0]&quot; argument must be of type string. Received undefined
 ❯ new TemplateOrchestrator src/services/templates/template-orchestrator.ts:124:31
 ❯ src/services/templates/template-orchestrator.ts:1195:37
 ❯ src/services/templates/index.ts:17:31

⎯⎯⎯⎯⎯⎯⎯⎯⎯⎯⎯⎯⎯⎯⎯⎯⎯⎯⎯⎯⎯⎯⎯⎯⎯⎯⎯⎯⎯⎯
Serialized Error: { code: &apos;ERR_INVALID_ARG_TYPE&apos; }
            </failure>
            <failure message="The &quot;paths[0]&quot; argument must be of type string. Received undefined" type="TypeError">
TypeError: The &quot;paths[0]&quot; argument must be of type string. Received undefined
 ❯ new TemplateOrchestrator src/services/templates/template-orchestrator.ts:124:31
 ❯ src/services/templates/template-orchestrator.ts:1195:37
 ❯ src/services/templates/index.ts:17:31

⎯⎯⎯⎯⎯⎯⎯⎯⎯⎯⎯⎯⎯⎯⎯⎯⎯⎯⎯⎯⎯⎯⎯⎯⎯⎯⎯⎯⎯⎯
Serialized Error: { code: &apos;ERR_INVALID_ARG_TYPE&apos; }
            </failure>
            <failure message="The &quot;paths[0]&quot; argument must be of type string. Received undefined" type="TypeError">
TypeError: The &quot;paths[0]&quot; argument must be of type string. Received undefined
 ❯ new TemplateOrchestrator src/services/templates/template-orchestrator.ts:124:31
 ❯ src/services/templates/template-orchestrator.ts:1195:37
 ❯ src/services/templates/index.ts:17:31

⎯⎯⎯⎯⎯⎯⎯⎯⎯⎯⎯⎯⎯⎯⎯⎯⎯⎯⎯⎯⎯⎯⎯⎯⎯⎯⎯⎯⎯⎯
Serialized Error: { code: &apos;ERR_INVALID_ARG_TYPE&apos; }
            </failure>
        </testcase>
        <testcase classname="src/index.unit.test.ts" name="Main CLI Entry Point &gt; Command Execution &gt; should parse command line arguments" time="0.001290708">
            <failure message="The &quot;paths[0]&quot; argument must be of type string. Received undefined" type="TypeError">
TypeError: The &quot;paths[0]&quot; argument must be of type string. Received undefined
 ❯ new TemplateOrchestrator src/services/templates/template-orchestrator.ts:124:31
 ❯ src/services/templates/template-orchestrator.ts:1195:37
 ❯ src/services/templates/index.ts:17:31

⎯⎯⎯⎯⎯⎯⎯⎯⎯⎯⎯⎯⎯⎯⎯⎯⎯⎯⎯⎯⎯⎯⎯⎯⎯⎯⎯⎯⎯⎯
Serialized Error: { code: &apos;ERR_INVALID_ARG_TYPE&apos; }
            </failure>
            <failure message="The &quot;paths[0]&quot; argument must be of type string. Received undefined" type="TypeError">
TypeError: The &quot;paths[0]&quot; argument must be of type string. Received undefined
 ❯ new TemplateOrchestrator src/services/templates/template-orchestrator.ts:124:31
 ❯ src/services/templates/template-orchestrator.ts:1195:37
 ❯ src/services/templates/index.ts:17:31

⎯⎯⎯⎯⎯⎯⎯⎯⎯⎯⎯⎯⎯⎯⎯⎯⎯⎯⎯⎯⎯⎯⎯⎯⎯⎯⎯⎯⎯⎯
Serialized Error: { code: &apos;ERR_INVALID_ARG_TYPE&apos; }
            </failure>
            <failure message="The &quot;paths[0]&quot; argument must be of type string. Received undefined" type="TypeError">
TypeError: The &quot;paths[0]&quot; argument must be of type string. Received undefined
 ❯ new TemplateOrchestrator src/services/templates/template-orchestrator.ts:124:31
 ❯ src/services/templates/template-orchestrator.ts:1195:37
 ❯ src/services/templates/index.ts:17:31

⎯⎯⎯⎯⎯⎯⎯⎯⎯⎯⎯⎯⎯⎯⎯⎯⎯⎯⎯⎯⎯⎯⎯⎯⎯⎯⎯⎯⎯⎯
Serialized Error: { code: &apos;ERR_INVALID_ARG_TYPE&apos; }
            </failure>
        </testcase>
        <testcase classname="src/index.unit.test.ts" name="Main CLI Entry Point &gt; Command Execution &gt; should measure command execution time" time="0.000412166">
            <failure message="The &quot;paths[0]&quot; argument must be of type string. Received undefined" type="TypeError">
TypeError: The &quot;paths[0]&quot; argument must be of type string. Received undefined
 ❯ new TemplateOrchestrator src/services/templates/template-orchestrator.ts:124:31
 ❯ src/services/templates/template-orchestrator.ts:1195:37
 ❯ src/services/templates/index.ts:17:31

⎯⎯⎯⎯⎯⎯⎯⎯⎯⎯⎯⎯⎯⎯⎯⎯⎯⎯⎯⎯⎯⎯⎯⎯⎯⎯⎯⎯⎯⎯
Serialized Error: { code: &apos;ERR_INVALID_ARG_TYPE&apos; }
            </failure>
            <failure message="The &quot;paths[0]&quot; argument must be of type string. Received undefined" type="TypeError">
TypeError: The &quot;paths[0]&quot; argument must be of type string. Received undefined
 ❯ new TemplateOrchestrator src/services/templates/template-orchestrator.ts:124:31
 ❯ src/services/templates/template-orchestrator.ts:1195:37
 ❯ src/services/templates/index.ts:17:31

⎯⎯⎯⎯⎯⎯⎯⎯⎯⎯⎯⎯⎯⎯⎯⎯⎯⎯⎯⎯⎯⎯⎯⎯⎯⎯⎯⎯⎯⎯
Serialized Error: { code: &apos;ERR_INVALID_ARG_TYPE&apos; }
            </failure>
            <failure message="The &quot;paths[0]&quot; argument must be of type string. Received undefined" type="TypeError">
TypeError: The &quot;paths[0]&quot; argument must be of type string. Received undefined
 ❯ new TemplateOrchestrator src/services/templates/template-orchestrator.ts:124:31
 ❯ src/services/templates/template-orchestrator.ts:1195:37
 ❯ src/services/templates/index.ts:17:31

⎯⎯⎯⎯⎯⎯⎯⎯⎯⎯⎯⎯⎯⎯⎯⎯⎯⎯⎯⎯⎯⎯⎯⎯⎯⎯⎯⎯⎯⎯
Serialized Error: { code: &apos;ERR_INVALID_ARG_TYPE&apos; }
            </failure>
        </testcase>
        <testcase classname="src/index.unit.test.ts" name="Main CLI Entry Point &gt; Error Handling &gt; should handle CLIError correctly" time="0.00039">
            <failure message="The &quot;paths[0]&quot; argument must be of type string. Received undefined" type="TypeError">
TypeError: The &quot;paths[0]&quot; argument must be of type string. Received undefined
 ❯ new TemplateOrchestrator src/services/templates/template-orchestrator.ts:124:31
 ❯ src/services/templates/template-orchestrator.ts:1195:37
 ❯ src/services/templates/index.ts:17:31

⎯⎯⎯⎯⎯⎯⎯⎯⎯⎯⎯⎯⎯⎯⎯⎯⎯⎯⎯⎯⎯⎯⎯⎯⎯⎯⎯⎯⎯⎯
Serialized Error: { code: &apos;ERR_INVALID_ARG_TYPE&apos; }
            </failure>
            <failure message="The &quot;paths[0]&quot; argument must be of type string. Received undefined" type="TypeError">
TypeError: The &quot;paths[0]&quot; argument must be of type string. Received undefined
 ❯ new TemplateOrchestrator src/services/templates/template-orchestrator.ts:124:31
 ❯ src/services/templates/template-orchestrator.ts:1195:37
 ❯ src/services/templates/index.ts:17:31

⎯⎯⎯⎯⎯⎯⎯⎯⎯⎯⎯⎯⎯⎯⎯⎯⎯⎯⎯⎯⎯⎯⎯⎯⎯⎯⎯⎯⎯⎯
Serialized Error: { code: &apos;ERR_INVALID_ARG_TYPE&apos; }
            </failure>
            <failure message="The &quot;paths[0]&quot; argument must be of type string. Received undefined" type="TypeError">
TypeError: The &quot;paths[0]&quot; argument must be of type string. Received undefined
 ❯ new TemplateOrchestrator src/services/templates/template-orchestrator.ts:124:31
 ❯ src/services/templates/template-orchestrator.ts:1195:37
 ❯ src/services/templates/index.ts:17:31

⎯⎯⎯⎯⎯⎯⎯⎯⎯⎯⎯⎯⎯⎯⎯⎯⎯⎯⎯⎯⎯⎯⎯⎯⎯⎯⎯⎯⎯⎯
Serialized Error: { code: &apos;ERR_INVALID_ARG_TYPE&apos; }
            </failure>
        </testcase>
        <testcase classname="src/index.unit.test.ts" name="Main CLI Entry Point &gt; Error Handling &gt; should handle COMMAND_NOT_FOUND error with help message" time="0.000322166">
            <failure message="The &quot;paths[0]&quot; argument must be of type string. Received undefined" type="TypeError">
TypeError: The &quot;paths[0]&quot; argument must be of type string. Received undefined
 ❯ new TemplateOrchestrator src/services/templates/template-orchestrator.ts:124:31
 ❯ src/services/templates/template-orchestrator.ts:1195:37
 ❯ src/services/templates/index.ts:17:31

⎯⎯⎯⎯⎯⎯⎯⎯⎯⎯⎯⎯⎯⎯⎯⎯⎯⎯⎯⎯⎯⎯⎯⎯⎯⎯⎯⎯⎯⎯
Serialized Error: { code: &apos;ERR_INVALID_ARG_TYPE&apos; }
            </failure>
            <failure message="The &quot;paths[0]&quot; argument must be of type string. Received undefined" type="TypeError">
TypeError: The &quot;paths[0]&quot; argument must be of type string. Received undefined
 ❯ new TemplateOrchestrator src/services/templates/template-orchestrator.ts:124:31
 ❯ src/services/templates/template-orchestrator.ts:1195:37
 ❯ src/services/templates/index.ts:17:31

⎯⎯⎯⎯⎯⎯⎯⎯⎯⎯⎯⎯⎯⎯⎯⎯⎯⎯⎯⎯⎯⎯⎯⎯⎯⎯⎯⎯⎯⎯
Serialized Error: { code: &apos;ERR_INVALID_ARG_TYPE&apos; }
            </failure>
            <failure message="The &quot;paths[0]&quot; argument must be of type string. Received undefined" type="TypeError">
TypeError: The &quot;paths[0]&quot; argument must be of type string. Received undefined
 ❯ new TemplateOrchestrator src/services/templates/template-orchestrator.ts:124:31
 ❯ src/services/templates/template-orchestrator.ts:1195:37
 ❯ src/services/templates/index.ts:17:31

⎯⎯⎯⎯⎯⎯⎯⎯⎯⎯⎯⎯⎯⎯⎯⎯⎯⎯⎯⎯⎯⎯⎯⎯⎯⎯⎯⎯⎯⎯
Serialized Error: { code: &apos;ERR_INVALID_ARG_TYPE&apos; }
            </failure>
        </testcase>
        <testcase classname="src/index.unit.test.ts" name="Main CLI Entry Point &gt; Error Handling &gt; should handle unexpected errors" time="0.006020208">
            <failure message="The &quot;paths[0]&quot; argument must be of type string. Received undefined" type="TypeError">
TypeError: The &quot;paths[0]&quot; argument must be of type string. Received undefined
 ❯ new TemplateOrchestrator src/services/templates/template-orchestrator.ts:124:31
 ❯ src/services/templates/template-orchestrator.ts:1195:37
 ❯ src/services/templates/index.ts:17:31

⎯⎯⎯⎯⎯⎯⎯⎯⎯⎯⎯⎯⎯⎯⎯⎯⎯⎯⎯⎯⎯⎯⎯⎯⎯⎯⎯⎯⎯⎯
Serialized Error: { code: &apos;ERR_INVALID_ARG_TYPE&apos; }
            </failure>
            <failure message="The &quot;paths[0]&quot; argument must be of type string. Received undefined" type="TypeError">
TypeError: The &quot;paths[0]&quot; argument must be of type string. Received undefined
 ❯ new TemplateOrchestrator src/services/templates/template-orchestrator.ts:124:31
 ❯ src/services/templates/template-orchestrator.ts:1195:37
 ❯ src/services/templates/index.ts:17:31

⎯⎯⎯⎯⎯⎯⎯⎯⎯⎯⎯⎯⎯⎯⎯⎯⎯⎯⎯⎯⎯⎯⎯⎯⎯⎯⎯⎯⎯⎯
Serialized Error: { code: &apos;ERR_INVALID_ARG_TYPE&apos; }
            </failure>
            <failure message="The &quot;paths[0]&quot; argument must be of type string. Received undefined" type="TypeError">
TypeError: The &quot;paths[0]&quot; argument must be of type string. Received undefined
 ❯ new TemplateOrchestrator src/services/templates/template-orchestrator.ts:124:31
 ❯ src/services/templates/template-orchestrator.ts:1195:37
 ❯ src/services/templates/index.ts:17:31

⎯⎯⎯⎯⎯⎯⎯⎯⎯⎯⎯⎯⎯⎯⎯⎯⎯⎯⎯⎯⎯⎯⎯⎯⎯⎯⎯⎯⎯⎯
Serialized Error: { code: &apos;ERR_INVALID_ARG_TYPE&apos; }
            </failure>
        </testcase>
        <testcase classname="src/index.unit.test.ts" name="Main CLI Entry Point &gt; Error Handling &gt; should handle unknown error types" time="0.009713416">
            <failure message="The &quot;paths[0]&quot; argument must be of type string. Received undefined" type="TypeError">
TypeError: The &quot;paths[0]&quot; argument must be of type string. Received undefined
 ❯ new TemplateOrchestrator src/services/templates/template-orchestrator.ts:124:31
 ❯ src/services/templates/template-orchestrator.ts:1195:37
 ❯ src/services/templates/index.ts:17:31

⎯⎯⎯⎯⎯⎯⎯⎯⎯⎯⎯⎯⎯⎯⎯⎯⎯⎯⎯⎯⎯⎯⎯⎯⎯⎯⎯⎯⎯⎯
Serialized Error: { code: &apos;ERR_INVALID_ARG_TYPE&apos; }
            </failure>
            <failure message="The &quot;paths[0]&quot; argument must be of type string. Received undefined" type="TypeError">
TypeError: The &quot;paths[0]&quot; argument must be of type string. Received undefined
 ❯ new TemplateOrchestrator src/services/templates/template-orchestrator.ts:124:31
 ❯ src/services/templates/template-orchestrator.ts:1195:37
 ❯ src/services/templates/index.ts:17:31

⎯⎯⎯⎯⎯⎯⎯⎯⎯⎯⎯⎯⎯⎯⎯⎯⎯⎯⎯⎯⎯⎯⎯⎯⎯⎯⎯⎯⎯⎯
Serialized Error: { code: &apos;ERR_INVALID_ARG_TYPE&apos; }
            </failure>
            <failure message="The &quot;paths[0]&quot; argument must be of type string. Received undefined" type="TypeError">
TypeError: The &quot;paths[0]&quot; argument must be of type string. Received undefined
 ❯ new TemplateOrchestrator src/services/templates/template-orchestrator.ts:124:31
 ❯ src/services/templates/template-orchestrator.ts:1195:37
 ❯ src/services/templates/index.ts:17:31

⎯⎯⎯⎯⎯⎯⎯⎯⎯⎯⎯⎯⎯⎯⎯⎯⎯⎯⎯⎯⎯⎯⎯⎯⎯⎯⎯⎯⎯⎯
Serialized Error: { code: &apos;ERR_INVALID_ARG_TYPE&apos; }
            </failure>
        </testcase>
        <testcase classname="src/index.unit.test.ts" name="Main CLI Entry Point &gt; Signal Handling &gt; should handle SIGINT gracefully" time="0.000429458">
            <failure message="The &quot;paths[0]&quot; argument must be of type string. Received undefined" type="TypeError">
TypeError: The &quot;paths[0]&quot; argument must be of type string. Received undefined
 ❯ new TemplateOrchestrator src/services/templates/template-orchestrator.ts:124:31
 ❯ src/services/templates/template-orchestrator.ts:1195:37
 ❯ src/services/templates/index.ts:17:31

⎯⎯⎯⎯⎯⎯⎯⎯⎯⎯⎯⎯⎯⎯⎯⎯⎯⎯⎯⎯⎯⎯⎯⎯⎯⎯⎯⎯⎯⎯
Serialized Error: { code: &apos;ERR_INVALID_ARG_TYPE&apos; }
            </failure>
            <failure message="The &quot;paths[0]&quot; argument must be of type string. Received undefined" type="TypeError">
TypeError: The &quot;paths[0]&quot; argument must be of type string. Received undefined
 ❯ new TemplateOrchestrator src/services/templates/template-orchestrator.ts:124:31
 ❯ src/services/templates/template-orchestrator.ts:1195:37
 ❯ src/services/templates/index.ts:17:31

⎯⎯⎯⎯⎯⎯⎯⎯⎯⎯⎯⎯⎯⎯⎯⎯⎯⎯⎯⎯⎯⎯⎯⎯⎯⎯⎯⎯⎯⎯
Serialized Error: { code: &apos;ERR_INVALID_ARG_TYPE&apos; }
            </failure>
            <failure message="The &quot;paths[0]&quot; argument must be of type string. Received undefined" type="TypeError">
TypeError: The &quot;paths[0]&quot; argument must be of type string. Received undefined
 ❯ new TemplateOrchestrator src/services/templates/template-orchestrator.ts:124:31
 ❯ src/services/templates/template-orchestrator.ts:1195:37
 ❯ src/services/templates/index.ts:17:31

⎯⎯⎯⎯⎯⎯⎯⎯⎯⎯⎯⎯⎯⎯⎯⎯⎯⎯⎯⎯⎯⎯⎯⎯⎯⎯⎯⎯⎯⎯
Serialized Error: { code: &apos;ERR_INVALID_ARG_TYPE&apos; }
            </failure>
        </testcase>
        <testcase classname="src/index.unit.test.ts" name="Main CLI Entry Point &gt; Signal Handling &gt; should handle SIGTERM gracefully" time="0.000348708">
            <failure message="The &quot;paths[0]&quot; argument must be of type string. Received undefined" type="TypeError">
TypeError: The &quot;paths[0]&quot; argument must be of type string. Received undefined
 ❯ new TemplateOrchestrator src/services/templates/template-orchestrator.ts:124:31
 ❯ src/services/templates/template-orchestrator.ts:1195:37
 ❯ src/services/templates/index.ts:17:31

⎯⎯⎯⎯⎯⎯⎯⎯⎯⎯⎯⎯⎯⎯⎯⎯⎯⎯⎯⎯⎯⎯⎯⎯⎯⎯⎯⎯⎯⎯
Serialized Error: { code: &apos;ERR_INVALID_ARG_TYPE&apos; }
            </failure>
            <failure message="The &quot;paths[0]&quot; argument must be of type string. Received undefined" type="TypeError">
TypeError: The &quot;paths[0]&quot; argument must be of type string. Received undefined
 ❯ new TemplateOrchestrator src/services/templates/template-orchestrator.ts:124:31
 ❯ src/services/templates/template-orchestrator.ts:1195:37
 ❯ src/services/templates/index.ts:17:31

⎯⎯⎯⎯⎯⎯⎯⎯⎯⎯⎯⎯⎯⎯⎯⎯⎯⎯⎯⎯⎯⎯⎯⎯⎯⎯⎯⎯⎯⎯
Serialized Error: { code: &apos;ERR_INVALID_ARG_TYPE&apos; }
            </failure>
            <failure message="The &quot;paths[0]&quot; argument must be of type string. Received undefined" type="TypeError">
TypeError: The &quot;paths[0]&quot; argument must be of type string. Received undefined
 ❯ new TemplateOrchestrator src/services/templates/template-orchestrator.ts:124:31
 ❯ src/services/templates/template-orchestrator.ts:1195:37
 ❯ src/services/templates/index.ts:17:31

⎯⎯⎯⎯⎯⎯⎯⎯⎯⎯⎯⎯⎯⎯⎯⎯⎯⎯⎯⎯⎯⎯⎯⎯⎯⎯⎯⎯⎯⎯
Serialized Error: { code: &apos;ERR_INVALID_ARG_TYPE&apos; }
            </failure>
        </testcase>
        <testcase classname="src/index.unit.test.ts" name="Main CLI Entry Point &gt; Performance Tracking &gt; should track command execution time on success" time="0.000502042">
            <failure message="The &quot;paths[0]&quot; argument must be of type string. Received undefined" type="TypeError">
TypeError: The &quot;paths[0]&quot; argument must be of type string. Received undefined
 ❯ new TemplateOrchestrator src/services/templates/template-orchestrator.ts:124:31
 ❯ src/services/templates/template-orchestrator.ts:1195:37
 ❯ src/services/templates/index.ts:17:31

⎯⎯⎯⎯⎯⎯⎯⎯⎯⎯⎯⎯⎯⎯⎯⎯⎯⎯⎯⎯⎯⎯⎯⎯⎯⎯⎯⎯⎯⎯
Serialized Error: { code: &apos;ERR_INVALID_ARG_TYPE&apos; }
            </failure>
            <failure message="The &quot;paths[0]&quot; argument must be of type string. Received undefined" type="TypeError">
TypeError: The &quot;paths[0]&quot; argument must be of type string. Received undefined
 ❯ new TemplateOrchestrator src/services/templates/template-orchestrator.ts:124:31
 ❯ src/services/templates/template-orchestrator.ts:1195:37
 ❯ src/services/templates/index.ts:17:31

⎯⎯⎯⎯⎯⎯⎯⎯⎯⎯⎯⎯⎯⎯⎯⎯⎯⎯⎯⎯⎯⎯⎯⎯⎯⎯⎯⎯⎯⎯
Serialized Error: { code: &apos;ERR_INVALID_ARG_TYPE&apos; }
            </failure>
            <failure message="The &quot;paths[0]&quot; argument must be of type string. Received undefined" type="TypeError">
TypeError: The &quot;paths[0]&quot; argument must be of type string. Received undefined
 ❯ new TemplateOrchestrator src/services/templates/template-orchestrator.ts:124:31
 ❯ src/services/templates/template-orchestrator.ts:1195:37
 ❯ src/services/templates/index.ts:17:31

⎯⎯⎯⎯⎯⎯⎯⎯⎯⎯⎯⎯⎯⎯⎯⎯⎯⎯⎯⎯⎯⎯⎯⎯⎯⎯⎯⎯⎯⎯
Serialized Error: { code: &apos;ERR_INVALID_ARG_TYPE&apos; }
            </failure>
        </testcase>
        <testcase classname="src/index.unit.test.ts" name="Main CLI Entry Point &gt; Performance Tracking &gt; should track command execution time on error" time="0.000435875">
            <failure message="The &quot;paths[0]&quot; argument must be of type string. Received undefined" type="TypeError">
TypeError: The &quot;paths[0]&quot; argument must be of type string. Received undefined
 ❯ new TemplateOrchestrator src/services/templates/template-orchestrator.ts:124:31
 ❯ src/services/templates/template-orchestrator.ts:1195:37
 ❯ src/services/templates/index.ts:17:31

⎯⎯⎯⎯⎯⎯⎯⎯⎯⎯⎯⎯⎯⎯⎯⎯⎯⎯⎯⎯⎯⎯⎯⎯⎯⎯⎯⎯⎯⎯
Serialized Error: { code: &apos;ERR_INVALID_ARG_TYPE&apos; }
            </failure>
            <failure message="The &quot;paths[0]&quot; argument must be of type string. Received undefined" type="TypeError">
TypeError: The &quot;paths[0]&quot; argument must be of type string. Received undefined
 ❯ new TemplateOrchestrator src/services/templates/template-orchestrator.ts:124:31
 ❯ src/services/templates/template-orchestrator.ts:1195:37
 ❯ src/services/templates/index.ts:17:31

⎯⎯⎯⎯⎯⎯⎯⎯⎯⎯⎯⎯⎯⎯⎯⎯⎯⎯⎯⎯⎯⎯⎯⎯⎯⎯⎯⎯⎯⎯
Serialized Error: { code: &apos;ERR_INVALID_ARG_TYPE&apos; }
            </failure>
            <failure message="The &quot;paths[0]&quot; argument must be of type string. Received undefined" type="TypeError">
TypeError: The &quot;paths[0]&quot; argument must be of type string. Received undefined
 ❯ new TemplateOrchestrator src/services/templates/template-orchestrator.ts:124:31
 ❯ src/services/templates/template-orchestrator.ts:1195:37
 ❯ src/services/templates/index.ts:17:31

⎯⎯⎯⎯⎯⎯⎯⎯⎯⎯⎯⎯⎯⎯⎯⎯⎯⎯⎯⎯⎯⎯⎯⎯⎯⎯⎯⎯⎯⎯
Serialized Error: { code: &apos;ERR_INVALID_ARG_TYPE&apos; }
            </failure>
        </testcase>
    </testsuite>
</testsuites>
